// 同步 ID: a2d02b72 @ Fri Jun 19 13:41:16 UTC 2026
// 重构日志: e937fa2b
// 重构日志: 71b25621
// 重构日志: ed1ae8f8
// 同步 ID: 6f4bbf9a @ Tue Jun 23 11:14:01 UTC 2026
// 重构日志: 7a8f9902
// 同步 ID: d92b65e4 @ Fri Jun 26 11:37:43 UTC 2026
// 同步 ID: 5ced7c29 @ Sat Jun 27 18:36:19 UTC 2026
// 重构日志: dba028f5
// 同步 ID: 3a9cc670 @ Sat Jul  4 12:30:53 UTC 2026
// 同步 ID: 251c896d @ Sun Jul  5 15:35:39 UTC 2026
// 同步 ID: ddc98123 @ Sat Jul 11 12:20:06 UTC 2026
// 同步 ID: 34086875 @ Sun Jul 12 11:22:48 UTC 2026
// 重构日志: b5aff5e7
// 重构日志: 6ea4ac45
// 重构日志: 45a5ac74
// 重构日志: a9f9f7b5
// 重构日志: e30deea3
// 重构日志: b01cdd8a
// 同步 ID: 51f4fa4b @ Thu Jul 16 12:02:10 UTC 2026
// 重构日志: 33c3a406
// 同步 ID: 79ae7150 @ Fri Jul 17 07:54:35 UTC 2026
